<?xml version="1.0" encoding="UTF-8"?>
<testsuite name="PasswordValidationTest" tests="2" skipped="0" failures="0" errors="0" timestamp="2020-01-23T13:56:50" hostname="recruit-ThinkCentre-M73" time="0.019">
  <properties/>
  <testcase name="isPasswordOK()" classname="PasswordValidationTest" time="0.015"/>
  <testcase name="TestPasswordIsValid()" classname="PasswordValidationTest" time="0.003"/>
  <system-out><![CDATA[]]></system-out>
  <system-err><![CDATA[]]></system-err>
</testsuite>
